TN:
SF:/home/jayy-lmao/Frameworks/Graphql/formality/src/createSchema.ts
FN:5,createSchema
FN:7,(anonymous_10)
FNF:2
FNH:1
FNDA:1,createSchema
FNDA:0,(anonymous_10)
DA:2,1
DA:3,1
DA:5,1
DA:6,1
DA:8,0
DA:9,0
DA:11,0
LF:7
LH:4
BRDA:8,0,0,0
BRDA:8,0,1,0
BRF:2
BRH:0
end_of_record
TN:
SF:/home/jayy-lmao/Frameworks/Graphql/formality/src/data.ts
FNF:0
FNH:0
DA:5,1
DA:13,1
DA:21,1
LF:3
LH:3
BRF:0
BRH:0
end_of_record
TN:
SF:/home/jayy-lmao/Frameworks/Graphql/formality/src/resolvers/FormResolver.ts
FN:12,(anonymous_12)
FN:17,(anonymous_13)
FN:18,(anonymous_14)
FN:22,(anonymous_15)
FN:34,(anonymous_17)
FN:35,(anonymous_18)
FN:11,(anonymous_19)
FN:21,(anonymous_20)
FN:9,(anonymous_21)
FNF:9
FNH:3
FNDA:0,(anonymous_12)
FNDA:0,(anonymous_13)
FNDA:0,(anonymous_14)
FNDA:0,(anonymous_15)
FNDA:0,(anonymous_17)
FNDA:0,(anonymous_18)
FNDA:1,(anonymous_19)
FNDA:1,(anonymous_20)
FNDA:29,(anonymous_21)
DA:1,1
DA:2,1
DA:4,1
DA:5,1
DA:9,29
DA:10,1
DA:11,1
DA:12,1
DA:13,0
DA:17,1
DA:18,0
DA:21,1
DA:22,1
DA:23,0
DA:24,0
DA:30,0
DA:31,0
DA:34,1
DA:35,0
DA:40,1
LF:20
LH:13
BRF:0
BRH:0
end_of_record
TN:
SF:/home/jayy-lmao/Frameworks/Graphql/formality/src/resolvers/QuestionResolver.ts
FN:10,(anonymous_5)
FN:14,(anonymous_6)
FN:15,(anonymous_7)
FN:19,(anonymous_8)
FN:20,(anonymous_9)
FN:24,(anonymous_10)
FN:9,(anonymous_11)
FN:13,(anonymous_12)
FN:23,(anonymous_13)
FN:7,(anonymous_14)
FNF:10
FNH:6
FNDA:0,(anonymous_5)
FNDA:1,(anonymous_6)
FNDA:1,(anonymous_7)
FNDA:0,(anonymous_8)
FNDA:0,(anonymous_9)
FNDA:0,(anonymous_10)
FNDA:1,(anonymous_11)
FNDA:1,(anonymous_12)
FNDA:1,(anonymous_13)
FNDA:13,(anonymous_14)
DA:1,1
DA:2,1
DA:4,1
DA:5,1
DA:7,13
DA:8,1
DA:9,1
DA:10,1
DA:11,0
DA:13,1
DA:14,1
DA:15,1
DA:19,1
DA:20,0
DA:23,1
DA:24,1
DA:25,0
DA:26,0
DA:33,0
DA:34,0
DA:38,1
LF:21
LH:15
BRF:0
BRH:0
end_of_record
TN:
SF:/home/jayy-lmao/Frameworks/Graphql/formality/src/resolvers/UserResolver.ts
FN:23,(anonymous_12)
FN:28,(anonymous_13)
FN:33,(anonymous_14)
FN:34,(anonymous_15)
FN:38,(anonymous_16)
FN:39,(anonymous_18)
FN:45,(anonymous_19)
FN:46,(anonymous_20)
FN:50,(anonymous_21)
FN:27,(anonymous_23)
FN:32,(anonymous_24)
FN:37,(anonymous_25)
FN:49,(anonymous_26)
FN:22,(anonymous_27)
FNF:14
FNH:5
FNDA:0,(anonymous_12)
FNDA:0,(anonymous_13)
FNDA:0,(anonymous_14)
FNDA:0,(anonymous_15)
FNDA:0,(anonymous_16)
FNDA:0,(anonymous_18)
FNDA:0,(anonymous_19)
FNDA:0,(anonymous_20)
FNDA:0,(anonymous_21)
FNDA:1,(anonymous_23)
FNDA:1,(anonymous_24)
FNDA:1,(anonymous_25)
FNDA:1,(anonymous_26)
FNDA:12,(anonymous_27)
DA:1,1
DA:2,1
DA:3,1
DA:4,1
DA:5,1
DA:6,1
DA:14,1
DA:22,12
DA:23,1
DA:24,0
DA:27,1
DA:28,1
DA:29,0
DA:32,1
DA:33,1
DA:34,0
DA:37,1
DA:38,1
DA:39,0
DA:40,0
DA:41,0
DA:45,1
DA:46,0
DA:49,1
DA:50,1
DA:51,0
DA:52,0
DA:53,0
DA:58,0
DA:59,0
DA:63,1
LF:31
LH:19
BRF:0
BRH:0
end_of_record
TN:
SF:/home/jayy-lmao/Frameworks/Graphql/formality/src/resolvers/getToken.ts
FN:5,(anonymous_8)
FN:6,(anonymous_9)
FN:6,(anonymous_10)
FN:8,(anonymous_11)
FNF:4
FNH:0
FNDA:0,(anonymous_8)
FNDA:0,(anonymous_9)
FNDA:0,(anonymous_10)
FNDA:0,(anonymous_11)
DA:1,1
DA:2,1
DA:5,1
DA:6,0
DA:7,0
DA:8,0
DA:9,0
DA:10,0
DA:11,0
DA:13,0
DA:14,0
DA:15,0
DA:17,0
DA:26,0
DA:30,0
LF:15
LH:3
BRDA:7,0,0,0
BRDA:7,0,1,0
BRDA:9,1,0,0
BRDA:9,1,1,0
BRDA:13,2,0,0
BRDA:13,2,1,0
BRDA:21,3,0,0
BRDA:21,3,1,0
BRF:8
BRH:0
end_of_record
TN:
SF:/home/jayy-lmao/Frameworks/Graphql/formality/src/resolvers/index.ts
FNF:0
FNH:0
DA:1,1
DA:2,1
DA:3,1
DA:5,1
LF:4
LH:4
BRF:0
BRH:0
end_of_record
TN:
SF:/home/jayy-lmao/Frameworks/Graphql/formality/src/resolvers/inputs/FormInput.ts
FN:7,(anonymous_2)
FNF:1
FNH:1
FNDA:1,(anonymous_2)
DA:1,1
DA:2,1
DA:6,1
DA:7,1
DA:8,1
DA:9,1
DA:12,1
DA:15,1
DA:19,1
LF:9
LH:9
BRF:0
BRH:0
end_of_record
TN:
SF:/home/jayy-lmao/Frameworks/Graphql/formality/src/resolvers/inputs/QuestionInput.ts
FNF:0
FNH:0
DA:1,1
DA:2,1
DA:6,1
DA:9,1
DA:10,1
DA:11,1
DA:12,1
DA:15,1
LF:8
LH:8
BRF:0
BRH:0
end_of_record
TN:
SF:/home/jayy-lmao/Frameworks/Graphql/formality/src/resolvers/inputs/UserInput.ts
FN:7,(anonymous_2)
FNF:1
FNH:1
FNDA:1,(anonymous_2)
DA:1,1
DA:2,1
DA:6,1
DA:7,1
DA:8,1
DA:11,1
DA:14,1
DA:17,1
LF:8
LH:8
BRF:0
BRH:0
end_of_record
TN:
SF:/home/jayy-lmao/Frameworks/Graphql/formality/src/schemas/Form.ts
FN:7,(anonymous_3)
FN:10,(anonymous_4)
FN:11,(anonymous_5)
FNF:3
FNH:3
FNDA:1,(anonymous_3)
FNDA:1,(anonymous_4)
FNDA:1,(anonymous_5)
DA:1,1
DA:2,1
DA:3,1
DA:6,1
DA:7,1
DA:8,1
DA:9,1
DA:10,1
DA:11,1
DA:14,1
LF:10
LH:10
BRF:0
BRH:0
end_of_record
TN:
SF:/home/jayy-lmao/Frameworks/Graphql/formality/src/schemas/Question.ts
FN:6,(anonymous_3)
FN:10,(anonymous_4)
FNF:2
FNH:2
FNDA:1,(anonymous_3)
FNDA:1,(anonymous_4)
DA:1,1
DA:2,1
DA:5,1
DA:6,1
DA:7,1
DA:8,1
DA:9,1
DA:10,1
DA:13,1
LF:9
LH:9
BRF:0
BRH:0
end_of_record
TN:
SF:/home/jayy-lmao/Frameworks/Graphql/formality/src/schemas/User.ts
FN:6,(anonymous_3)
FN:10,(anonymous_4)
FNF:2
FNH:2
FNDA:1,(anonymous_3)
FNDA:1,(anonymous_4)
DA:1,1
DA:2,1
DA:5,1
DA:6,1
DA:7,1
DA:8,1
DA:10,1
DA:12,1
LF:8
LH:8
BRF:0
BRH:0
end_of_record
TN:
SF:/home/jayy-lmao/Frameworks/Graphql/formality/test-utils/gCall.ts
FN:16,(anonymous_7)
FN:16,(anonymous_8)
FNF:2
FNH:2
FNDA:1,(anonymous_7)
FNDA:1,(anonymous_8)
DA:1,1
DA:4,1
DA:16,1
DA:17,1
DA:18,1
DA:20,1
LF:6
LH:6
BRDA:17,0,0,1
BRDA:17,0,1,0
BRF:2
BRH:1
end_of_record
